14-Dec-2019 17:35:40.162 信息 [main] org.apache.catalina.startup.VersionLoggerListener.log Server version:        Apache Tomcat/8.5.31
14-Dec-2019 17:35:40.165 信息 [main] org.apache.catalina.startup.VersionLoggerListener.log Server built:          Apr 27 2018 20:24:25 UTC
14-Dec-2019 17:35:40.165 信息 [main] org.apache.catalina.startup.VersionLoggerListener.log Server number:         8.5.31.0
14-Dec-2019 17:35:40.165 信息 [main] org.apache.catalina.startup.VersionLoggerListener.log OS Name:               Mac OS X
14-Dec-2019 17:35:40.165 信息 [main] org.apache.catalina.startup.VersionLoggerListener.log OS Version:            10.13.6
14-Dec-2019 17:35:40.165 信息 [main] org.apache.catalina.startup.VersionLoggerListener.log Architecture:          x86_64
14-Dec-2019 17:35:40.165 信息 [main] org.apache.catalina.startup.VersionLoggerListener.log Java Home:             /Library/Java/JavaVirtualMachines/jdk1.8.0_221.jdk/Contents/Home/jre
14-Dec-2019 17:35:40.165 信息 [main] org.apache.catalina.startup.VersionLoggerListener.log JVM Version:           1.8.0_221-b11
14-Dec-2019 17:35:40.165 信息 [main] org.apache.catalina.startup.VersionLoggerListener.log JVM Vendor:            Oracle Corporation
14-Dec-2019 17:35:40.165 信息 [main] org.apache.catalina.startup.VersionLoggerListener.log CATALINA_BASE:         /Users/lvgaoqiang/Desktop/workspace/ys/JAVA日志/day02/资料/tomcat-logback/apache-tomcat-8.5.31
14-Dec-2019 17:35:40.166 信息 [main] org.apache.catalina.startup.VersionLoggerListener.log CATALINA_HOME:         /Users/lvgaoqiang/Desktop/workspace/ys/JAVA日志/day02/资料/tomcat-logback/apache-tomcat-8.5.31
14-Dec-2019 17:35:40.166 信息 [main] org.apache.catalina.startup.VersionLoggerListener.log Command line argument: -Djava.util.logging.config.file=/Users/lvgaoqiang/Desktop/workspace/ys/JAVA日志/day02/资料/tomcat-logback/apache-tomcat-8.5.31/conf/logging.properties
14-Dec-2019 17:35:40.166 信息 [main] org.apache.catalina.startup.VersionLoggerListener.log Command line argument: -Djava.util.logging.manager=org.apache.juli.ClassLoaderLogManager
14-Dec-2019 17:35:40.166 信息 [main] org.apache.catalina.startup.VersionLoggerListener.log Command line argument: -Djdk.tls.ephemeralDHKeySize=2048
14-Dec-2019 17:35:40.167 信息 [main] org.apache.catalina.startup.VersionLoggerListener.log Command line argument: -Djava.protocol.handler.pkgs=org.apache.catalina.webresources
14-Dec-2019 17:35:40.167 信息 [main] org.apache.catalina.startup.VersionLoggerListener.log Command line argument: -Dorg.apache.catalina.security.SecurityListener.UMASK=0027
14-Dec-2019 17:35:40.167 信息 [main] org.apache.catalina.startup.VersionLoggerListener.log Command line argument: -Dignore.endorsed.dirs=
14-Dec-2019 17:35:40.167 信息 [main] org.apache.catalina.startup.VersionLoggerListener.log Command line argument: -Dcatalina.base=/Users/lvgaoqiang/Desktop/workspace/ys/JAVA日志/day02/资料/tomcat-logback/apache-tomcat-8.5.31
14-Dec-2019 17:35:40.167 信息 [main] org.apache.catalina.startup.VersionLoggerListener.log Command line argument: -Dcatalina.home=/Users/lvgaoqiang/Desktop/workspace/ys/JAVA日志/day02/资料/tomcat-logback/apache-tomcat-8.5.31
14-Dec-2019 17:35:40.167 信息 [main] org.apache.catalina.startup.VersionLoggerListener.log Command line argument: -Djava.io.tmpdir=/Users/lvgaoqiang/Desktop/workspace/ys/JAVA日志/day02/资料/tomcat-logback/apache-tomcat-8.5.31/temp
14-Dec-2019 17:35:40.167 信息 [main] org.apache.catalina.core.AprLifecycleListener.lifecycleEvent The APR based Apache Tomcat Native library which allows optimal performance in production environments was not found on the java.library.path: [/Users/lvgaoqiang/Library/Java/Extensions:/Library/Java/Extensions:/Network/Library/Java/Extensions:/System/Library/Java/Extensions:/usr/lib/java:.]
14-Dec-2019 17:35:40.328 信息 [main] org.apache.coyote.AbstractProtocol.init Initializing ProtocolHandler ["http-nio-8080"]
14-Dec-2019 17:35:40.352 信息 [main] org.apache.tomcat.util.net.NioSelectorPool.getSharedSelector Using a shared selector for servlet write/read
14-Dec-2019 17:35:40.359 信息 [main] org.apache.coyote.AbstractProtocol.init Initializing ProtocolHandler ["ajp-nio-8009"]
14-Dec-2019 17:35:40.360 信息 [main] org.apache.tomcat.util.net.NioSelectorPool.getSharedSelector Using a shared selector for servlet write/read
14-Dec-2019 17:35:40.360 信息 [main] org.apache.catalina.startup.Catalina.load Initialization processed in 558 ms
14-Dec-2019 17:35:40.388 信息 [main] org.apache.catalina.core.StandardService.startInternal Starting service [Catalina]
14-Dec-2019 17:35:40.388 信息 [main] org.apache.catalina.core.StandardEngine.startInternal Starting Servlet Engine: Apache Tomcat/8.5.31
14-Dec-2019 17:35:40.396 信息 [localhost-startStop-1] org.apache.catalina.startup.HostConfig.deployDirectory Deploying web application directory [/Users/lvgaoqiang/Desktop/workspace/ys/JAVA日志/day02/资料/tomcat-logback/apache-tomcat-8.5.31/webapps/docs]
14-Dec-2019 17:35:40.685 信息 [localhost-startStop-1] org.apache.catalina.startup.HostConfig.deployDirectory Deployment of web application directory [/Users/lvgaoqiang/Desktop/workspace/ys/JAVA日志/day02/资料/tomcat-logback/apache-tomcat-8.5.31/webapps/docs] has finished in [289] ms
14-Dec-2019 17:35:40.685 信息 [localhost-startStop-1] org.apache.catalina.startup.HostConfig.deployDirectory Deploying web application directory [/Users/lvgaoqiang/Desktop/workspace/ys/JAVA日志/day02/资料/tomcat-logback/apache-tomcat-8.5.31/webapps/manager]
14-Dec-2019 17:35:40.713 信息 [localhost-startStop-1] org.apache.catalina.startup.HostConfig.deployDirectory Deployment of web application directory [/Users/lvgaoqiang/Desktop/workspace/ys/JAVA日志/day02/资料/tomcat-logback/apache-tomcat-8.5.31/webapps/manager] has finished in [28] ms
14-Dec-2019 17:35:40.713 信息 [localhost-startStop-1] org.apache.catalina.startup.HostConfig.deployDirectory Deploying web application directory [/Users/lvgaoqiang/Desktop/workspace/ys/JAVA日志/day02/资料/tomcat-logback/apache-tomcat-8.5.31/webapps/examples]
14-Dec-2019 17:35:40.936 信息 [localhost-startStop-1] org.apache.catalina.startup.HostConfig.deployDirectory Deployment of web application directory [/Users/lvgaoqiang/Desktop/workspace/ys/JAVA日志/day02/资料/tomcat-logback/apache-tomcat-8.5.31/webapps/examples] has finished in [223] ms
14-Dec-2019 17:35:40.936 信息 [localhost-startStop-1] org.apache.catalina.startup.HostConfig.deployDirectory Deploying web application directory [/Users/lvgaoqiang/Desktop/workspace/ys/JAVA日志/day02/资料/tomcat-logback/apache-tomcat-8.5.31/webapps/ROOT]
14-Dec-2019 17:35:40.950 信息 [localhost-startStop-1] org.apache.catalina.startup.HostConfig.deployDirectory Deployment of web application directory [/Users/lvgaoqiang/Desktop/workspace/ys/JAVA日志/day02/资料/tomcat-logback/apache-tomcat-8.5.31/webapps/ROOT] has finished in [14] ms
14-Dec-2019 17:35:40.950 信息 [localhost-startStop-1] org.apache.catalina.startup.HostConfig.deployDirectory Deploying web application directory [/Users/lvgaoqiang/Desktop/workspace/ys/JAVA日志/day02/资料/tomcat-logback/apache-tomcat-8.5.31/webapps/host-manager]
14-Dec-2019 17:35:40.964 信息 [localhost-startStop-1] org.apache.catalina.startup.HostConfig.deployDirectory Deployment of web application directory [/Users/lvgaoqiang/Desktop/workspace/ys/JAVA日志/day02/资料/tomcat-logback/apache-tomcat-8.5.31/webapps/host-manager] has finished in [14] ms
14-Dec-2019 17:35:40.966 信息 [main] org.apache.coyote.AbstractProtocol.start Starting ProtocolHandler ["http-nio-8080"]
14-Dec-2019 17:35:40.971 信息 [main] org.apache.coyote.AbstractProtocol.start Starting ProtocolHandler ["ajp-nio-8009"]
14-Dec-2019 17:35:40.973 信息 [main] org.apache.catalina.startup.Catalina.start Server startup in 612 ms
14-Dec-2019 17:36:09.350 信息 [main] org.apache.catalina.core.StandardServer.await A valid shutdown command was received via the shutdown port. Stopping the Server instance.
14-Dec-2019 17:36:09.350 信息 [main] org.apache.coyote.AbstractProtocol.pause Pausing ProtocolHandler ["http-nio-8080"]
14-Dec-2019 17:36:09.407 信息 [main] org.apache.coyote.AbstractProtocol.pause Pausing ProtocolHandler ["ajp-nio-8009"]
14-Dec-2019 17:36:09.461 信息 [main] org.apache.catalina.core.StandardService.stopInternal Stopping service [Catalina]
14-Dec-2019 17:36:09.481 信息 [main] org.apache.coyote.AbstractProtocol.stop Stopping ProtocolHandler ["http-nio-8080"]
14-Dec-2019 17:36:09.484 信息 [main] org.apache.coyote.AbstractProtocol.stop Stopping ProtocolHandler ["ajp-nio-8009"]
14-Dec-2019 17:36:09.485 信息 [main] org.apache.coyote.AbstractProtocol.destroy Destroying ProtocolHandler ["http-nio-8080"]
14-Dec-2019 17:36:09.486 信息 [main] org.apache.coyote.AbstractProtocol.destroy Destroying ProtocolHandler ["ajp-nio-8009"]
14-Dec-2019 17:41:51.682 信息 [main] org.apache.catalina.startup.VersionLoggerListener.log Server version:        Apache Tomcat/8.5.31
14-Dec-2019 17:41:51.684 信息 [main] org.apache.catalina.startup.VersionLoggerListener.log Server built:          Apr 27 2018 20:24:25 UTC
14-Dec-2019 17:41:51.684 信息 [main] org.apache.catalina.startup.VersionLoggerListener.log Server number:         8.5.31.0
14-Dec-2019 17:41:51.685 信息 [main] org.apache.catalina.startup.VersionLoggerListener.log OS Name:               Mac OS X
14-Dec-2019 17:41:51.685 信息 [main] org.apache.catalina.startup.VersionLoggerListener.log OS Version:            10.13.6
14-Dec-2019 17:41:51.685 信息 [main] org.apache.catalina.startup.VersionLoggerListener.log Architecture:          x86_64
14-Dec-2019 17:41:51.685 信息 [main] org.apache.catalina.startup.VersionLoggerListener.log Java Home:             /Library/Java/JavaVirtualMachines/jdk1.8.0_221.jdk/Contents/Home/jre
14-Dec-2019 17:41:51.685 信息 [main] org.apache.catalina.startup.VersionLoggerListener.log JVM Version:           1.8.0_221-b11
14-Dec-2019 17:41:51.685 信息 [main] org.apache.catalina.startup.VersionLoggerListener.log JVM Vendor:            Oracle Corporation
14-Dec-2019 17:41:51.685 信息 [main] org.apache.catalina.startup.VersionLoggerListener.log CATALINA_BASE:         /Users/lvgaoqiang/Desktop/workspace/ys/JAVA日志/day02/资料/tomcat-logback/apache-tomcat-8.5.31
14-Dec-2019 17:41:51.685 信息 [main] org.apache.catalina.startup.VersionLoggerListener.log CATALINA_HOME:         /Users/lvgaoqiang/Desktop/workspace/ys/JAVA日志/day02/资料/tomcat-logback/apache-tomcat-8.5.31
14-Dec-2019 17:41:51.686 信息 [main] org.apache.catalina.startup.VersionLoggerListener.log Command line argument: -Djava.util.logging.config.file=/Users/lvgaoqiang/Desktop/workspace/ys/JAVA日志/day02/资料/tomcat-logback/apache-tomcat-8.5.31/conf/logging.properties
14-Dec-2019 17:41:51.686 信息 [main] org.apache.catalina.startup.VersionLoggerListener.log Command line argument: -Djava.util.logging.manager=org.apache.juli.ClassLoaderLogManager
14-Dec-2019 17:41:51.686 信息 [main] org.apache.catalina.startup.VersionLoggerListener.log Command line argument: -Djdk.tls.ephemeralDHKeySize=2048
14-Dec-2019 17:41:51.686 信息 [main] org.apache.catalina.startup.VersionLoggerListener.log Command line argument: -Djava.protocol.handler.pkgs=org.apache.catalina.webresources
14-Dec-2019 17:41:51.686 信息 [main] org.apache.catalina.startup.VersionLoggerListener.log Command line argument: -Dorg.apache.catalina.security.SecurityListener.UMASK=0027
14-Dec-2019 17:41:51.686 信息 [main] org.apache.catalina.startup.VersionLoggerListener.log Command line argument: -Dignore.endorsed.dirs=
14-Dec-2019 17:41:51.686 信息 [main] org.apache.catalina.startup.VersionLoggerListener.log Command line argument: -Dcatalina.base=/Users/lvgaoqiang/Desktop/workspace/ys/JAVA日志/day02/资料/tomcat-logback/apache-tomcat-8.5.31
14-Dec-2019 17:41:51.687 信息 [main] org.apache.catalina.startup.VersionLoggerListener.log Command line argument: -Dcatalina.home=/Users/lvgaoqiang/Desktop/workspace/ys/JAVA日志/day02/资料/tomcat-logback/apache-tomcat-8.5.31
14-Dec-2019 17:41:51.687 信息 [main] org.apache.catalina.startup.VersionLoggerListener.log Command line argument: -Djava.io.tmpdir=/Users/lvgaoqiang/Desktop/workspace/ys/JAVA日志/day02/资料/tomcat-logback/apache-tomcat-8.5.31/temp
14-Dec-2019 17:41:51.687 信息 [main] org.apache.catalina.core.AprLifecycleListener.lifecycleEvent The APR based Apache Tomcat Native library which allows optimal performance in production environments was not found on the java.library.path: [/Users/lvgaoqiang/Library/Java/Extensions:/Library/Java/Extensions:/Network/Library/Java/Extensions:/System/Library/Java/Extensions:/usr/lib/java:.]
14-Dec-2019 17:41:51.799 信息 [main] org.apache.coyote.AbstractProtocol.init Initializing ProtocolHandler ["http-nio-8080"]
14-Dec-2019 17:41:51.822 信息 [main] org.apache.tomcat.util.net.NioSelectorPool.getSharedSelector Using a shared selector for servlet write/read
14-Dec-2019 17:41:51.831 信息 [main] org.apache.coyote.AbstractProtocol.init Initializing ProtocolHandler ["ajp-nio-8009"]
14-Dec-2019 17:41:51.833 信息 [main] org.apache.tomcat.util.net.NioSelectorPool.getSharedSelector Using a shared selector for servlet write/read
14-Dec-2019 17:41:51.833 信息 [main] org.apache.catalina.startup.Catalina.load Initialization processed in 500 ms
14-Dec-2019 17:41:51.859 信息 [main] org.apache.catalina.core.StandardService.startInternal Starting service [Catalina]
14-Dec-2019 17:41:51.859 信息 [main] org.apache.catalina.core.StandardEngine.startInternal Starting Servlet Engine: Apache Tomcat/8.5.31
14-Dec-2019 17:41:51.867 信息 [localhost-startStop-1] org.apache.catalina.startup.HostConfig.deployDirectory Deploying web application directory [/Users/lvgaoqiang/Desktop/workspace/ys/JAVA日志/day02/资料/tomcat-logback/apache-tomcat-8.5.31/webapps/docs]
14-Dec-2019 17:41:52.127 信息 [localhost-startStop-1] org.apache.catalina.startup.HostConfig.deployDirectory Deployment of web application directory [/Users/lvgaoqiang/Desktop/workspace/ys/JAVA日志/day02/资料/tomcat-logback/apache-tomcat-8.5.31/webapps/docs] has finished in [258] ms
14-Dec-2019 17:41:52.128 信息 [localhost-startStop-1] org.apache.catalina.startup.HostConfig.deployDirectory Deploying web application directory [/Users/lvgaoqiang/Desktop/workspace/ys/JAVA日志/day02/资料/tomcat-logback/apache-tomcat-8.5.31/webapps/manager]
14-Dec-2019 17:41:52.156 信息 [localhost-startStop-1] org.apache.catalina.startup.HostConfig.deployDirectory Deployment of web application directory [/Users/lvgaoqiang/Desktop/workspace/ys/JAVA日志/day02/资料/tomcat-logback/apache-tomcat-8.5.31/webapps/manager] has finished in [29] ms
14-Dec-2019 17:41:52.156 信息 [localhost-startStop-1] org.apache.catalina.startup.HostConfig.deployDirectory Deploying web application directory [/Users/lvgaoqiang/Desktop/workspace/ys/JAVA日志/day02/资料/tomcat-logback/apache-tomcat-8.5.31/webapps/examples]
14-Dec-2019 17:41:52.401 信息 [localhost-startStop-1] org.apache.catalina.startup.HostConfig.deployDirectory Deployment of web application directory [/Users/lvgaoqiang/Desktop/workspace/ys/JAVA日志/day02/资料/tomcat-logback/apache-tomcat-8.5.31/webapps/examples] has finished in [245] ms
14-Dec-2019 17:41:52.401 信息 [localhost-startStop-1] org.apache.catalina.startup.HostConfig.deployDirectory Deploying web application directory [/Users/lvgaoqiang/Desktop/workspace/ys/JAVA日志/day02/资料/tomcat-logback/apache-tomcat-8.5.31/webapps/ROOT]
14-Dec-2019 17:41:52.415 信息 [localhost-startStop-1] org.apache.catalina.startup.HostConfig.deployDirectory Deployment of web application directory [/Users/lvgaoqiang/Desktop/workspace/ys/JAVA日志/day02/资料/tomcat-logback/apache-tomcat-8.5.31/webapps/ROOT] has finished in [14] ms
14-Dec-2019 17:41:52.415 信息 [localhost-startStop-1] org.apache.catalina.startup.HostConfig.deployDirectory Deploying web application directory [/Users/lvgaoqiang/Desktop/workspace/ys/JAVA日志/day02/资料/tomcat-logback/apache-tomcat-8.5.31/webapps/host-manager]
14-Dec-2019 17:41:52.431 信息 [localhost-startStop-1] org.apache.catalina.startup.HostConfig.deployDirectory Deployment of web application directory [/Users/lvgaoqiang/Desktop/workspace/ys/JAVA日志/day02/资料/tomcat-logback/apache-tomcat-8.5.31/webapps/host-manager] has finished in [16] ms
14-Dec-2019 17:41:52.434 信息 [main] org.apache.coyote.AbstractProtocol.start Starting ProtocolHandler ["http-nio-8080"]
14-Dec-2019 17:41:52.440 信息 [main] org.apache.coyote.AbstractProtocol.start Starting ProtocolHandler ["ajp-nio-8009"]
14-Dec-2019 17:41:52.442 信息 [main] org.apache.catalina.startup.Catalina.start Server startup in 608 ms
14-Dec-2019 17:45:54.798 信息 [main] org.apache.catalina.startup.VersionLoggerListener.log Server version:        Apache Tomcat/8.5.31
14-Dec-2019 17:45:54.800 信息 [main] org.apache.catalina.startup.VersionLoggerListener.log Server built:          Apr 27 2018 20:24:25 UTC
14-Dec-2019 17:45:54.800 信息 [main] org.apache.catalina.startup.VersionLoggerListener.log Server number:         8.5.31.0
14-Dec-2019 17:45:54.800 信息 [main] org.apache.catalina.startup.VersionLoggerListener.log OS Name:               Mac OS X
14-Dec-2019 17:45:54.800 信息 [main] org.apache.catalina.startup.VersionLoggerListener.log OS Version:            10.13.6
14-Dec-2019 17:45:54.800 信息 [main] org.apache.catalina.startup.VersionLoggerListener.log Architecture:          x86_64
14-Dec-2019 17:45:54.800 信息 [main] org.apache.catalina.startup.VersionLoggerListener.log Java Home:             /Library/Java/JavaVirtualMachines/jdk1.8.0_221.jdk/Contents/Home/jre
14-Dec-2019 17:45:54.800 信息 [main] org.apache.catalina.startup.VersionLoggerListener.log JVM Version:           1.8.0_221-b11
14-Dec-2019 17:45:54.800 信息 [main] org.apache.catalina.startup.VersionLoggerListener.log JVM Vendor:            Oracle Corporation
14-Dec-2019 17:45:54.800 信息 [main] org.apache.catalina.startup.VersionLoggerListener.log CATALINA_BASE:         /Users/lvgaoqiang/Desktop/workspace/ys/JAVA日志/day02/资料/tomcat-logback/apache-tomcat-8.5.31
14-Dec-2019 17:45:54.801 信息 [main] org.apache.catalina.startup.VersionLoggerListener.log CATALINA_HOME:         /Users/lvgaoqiang/Desktop/workspace/ys/JAVA日志/day02/资料/tomcat-logback/apache-tomcat-8.5.31
14-Dec-2019 17:45:54.801 信息 [main] org.apache.catalina.startup.VersionLoggerListener.log Command line argument: -Djava.util.logging.config.file=/Users/lvgaoqiang/Desktop/workspace/ys/JAVA日志/day02/资料/tomcat-logback/apache-tomcat-8.5.31/conf/logging.properties
14-Dec-2019 17:45:54.801 信息 [main] org.apache.catalina.startup.VersionLoggerListener.log Command line argument: -Djava.util.logging.manager=org.apache.juli.ClassLoaderLogManager
14-Dec-2019 17:45:54.801 信息 [main] org.apache.catalina.startup.VersionLoggerListener.log Command line argument: -Djdk.tls.ephemeralDHKeySize=2048
14-Dec-2019 17:45:54.801 信息 [main] org.apache.catalina.startup.VersionLoggerListener.log Command line argument: -Djava.protocol.handler.pkgs=org.apache.catalina.webresources
14-Dec-2019 17:45:54.802 信息 [main] org.apache.catalina.startup.VersionLoggerListener.log Command line argument: -Dorg.apache.catalina.security.SecurityListener.UMASK=0027
14-Dec-2019 17:45:54.802 信息 [main] org.apache.catalina.startup.VersionLoggerListener.log Command line argument: -Dignore.endorsed.dirs=
14-Dec-2019 17:45:54.802 信息 [main] org.apache.catalina.startup.VersionLoggerListener.log Command line argument: -Dcatalina.base=/Users/lvgaoqiang/Desktop/workspace/ys/JAVA日志/day02/资料/tomcat-logback/apache-tomcat-8.5.31
14-Dec-2019 17:45:54.802 信息 [main] org.apache.catalina.startup.VersionLoggerListener.log Command line argument: -Dcatalina.home=/Users/lvgaoqiang/Desktop/workspace/ys/JAVA日志/day02/资料/tomcat-logback/apache-tomcat-8.5.31
14-Dec-2019 17:45:54.802 信息 [main] org.apache.catalina.startup.VersionLoggerListener.log Command line argument: -Djava.io.tmpdir=/Users/lvgaoqiang/Desktop/workspace/ys/JAVA日志/day02/资料/tomcat-logback/apache-tomcat-8.5.31/temp
14-Dec-2019 17:45:54.802 信息 [main] org.apache.catalina.core.AprLifecycleListener.lifecycleEvent The APR based Apache Tomcat Native library which allows optimal performance in production environments was not found on the java.library.path: [/Users/lvgaoqiang/Library/Java/Extensions:/Library/Java/Extensions:/Network/Library/Java/Extensions:/System/Library/Java/Extensions:/usr/lib/java:.]
14-Dec-2019 17:45:54.916 信息 [main] org.apache.coyote.AbstractProtocol.init Initializing ProtocolHandler ["http-nio-8080"]
14-Dec-2019 17:45:54.935 严重 [main] org.apache.catalina.core.StandardService.initInternal Failed to initialize connector [Connector[HTTP/1.1-8080]]
 org.apache.catalina.LifecycleException: Failed to initialize component [Connector[HTTP/1.1-8080]]
	at org.apache.catalina.util.LifecycleBase.init(LifecycleBase.java:112)
	at org.apache.catalina.core.StandardService.initInternal(StandardService.java:549)
	at org.apache.catalina.util.LifecycleBase.init(LifecycleBase.java:107)
	at org.apache.catalina.core.StandardServer.initInternal(StandardServer.java:875)
	at org.apache.catalina.util.LifecycleBase.init(LifecycleBase.java:107)
	at org.apache.catalina.startup.Catalina.load(Catalina.java:632)
	at org.apache.catalina.startup.Catalina.load(Catalina.java:655)
	at sun.reflect.NativeMethodAccessorImpl.invoke0(Native Method)
	at sun.reflect.NativeMethodAccessorImpl.invoke(NativeMethodAccessorImpl.java:62)
	at sun.reflect.DelegatingMethodAccessorImpl.invoke(DelegatingMethodAccessorImpl.java:43)
	at java.lang.reflect.Method.invoke(Method.java:498)
	at org.apache.catalina.startup.Bootstrap.load(Bootstrap.java:309)
	at org.apache.catalina.startup.Bootstrap.main(Bootstrap.java:492)
Caused by: org.apache.catalina.LifecycleException: Protocol handler initialization failed
	at org.apache.catalina.connector.Connector.initInternal(Connector.java:995)
	at org.apache.catalina.util.LifecycleBase.init(LifecycleBase.java:107)
	... 12 more
Caused by: java.net.BindException: Address already in use
	at sun.nio.ch.Net.bind0(Native Method)
	at sun.nio.ch.Net.bind(Net.java:433)
	at sun.nio.ch.Net.bind(Net.java:425)
	at sun.nio.ch.ServerSocketChannelImpl.bind(ServerSocketChannelImpl.java:223)
	at sun.nio.ch.ServerSocketAdaptor.bind(ServerSocketAdaptor.java:74)
	at org.apache.tomcat.util.net.NioEndpoint.bind(NioEndpoint.java:210)
	at org.apache.tomcat.util.net.AbstractEndpoint.init(AbstractEndpoint.java:1086)
	at org.apache.tomcat.util.net.AbstractJsseEndpoint.init(AbstractJsseEndpoint.java:268)
	at org.apache.coyote.AbstractProtocol.init(AbstractProtocol.java:581)
	at org.apache.coyote.http11.AbstractHttp11Protocol.init(AbstractHttp11Protocol.java:68)
	at org.apache.catalina.connector.Connector.initInternal(Connector.java:993)
	... 13 more

14-Dec-2019 17:45:54.936 信息 [main] org.apache.coyote.AbstractProtocol.init Initializing ProtocolHandler ["ajp-nio-8009"]
14-Dec-2019 17:45:54.937 严重 [main] org.apache.catalina.core.StandardService.initInternal Failed to initialize connector [Connector[AJP/1.3-8009]]
 org.apache.catalina.LifecycleException: Failed to initialize component [Connector[AJP/1.3-8009]]
	at org.apache.catalina.util.LifecycleBase.init(LifecycleBase.java:112)
	at org.apache.catalina.core.StandardService.initInternal(StandardService.java:549)
	at org.apache.catalina.util.LifecycleBase.init(LifecycleBase.java:107)
	at org.apache.catalina.core.StandardServer.initInternal(StandardServer.java:875)
	at org.apache.catalina.util.LifecycleBase.init(LifecycleBase.java:107)
	at org.apache.catalina.startup.Catalina.load(Catalina.java:632)
	at org.apache.catalina.startup.Catalina.load(Catalina.java:655)
	at sun.reflect.NativeMethodAccessorImpl.invoke0(Native Method)
	at sun.reflect.NativeMethodAccessorImpl.invoke(NativeMethodAccessorImpl.java:62)
	at sun.reflect.DelegatingMethodAccessorImpl.invoke(DelegatingMethodAccessorImpl.java:43)
	at java.lang.reflect.Method.invoke(Method.java:498)
	at org.apache.catalina.startup.Bootstrap.load(Bootstrap.java:309)
	at org.apache.catalina.startup.Bootstrap.main(Bootstrap.java:492)
Caused by: org.apache.catalina.LifecycleException: Protocol handler initialization failed
	at org.apache.catalina.connector.Connector.initInternal(Connector.java:995)
	at org.apache.catalina.util.LifecycleBase.init(LifecycleBase.java:107)
	... 12 more
Caused by: java.net.BindException: Address already in use
	at sun.nio.ch.Net.bind0(Native Method)
	at sun.nio.ch.Net.bind(Net.java:433)
	at sun.nio.ch.Net.bind(Net.java:425)
	at sun.nio.ch.ServerSocketChannelImpl.bind(ServerSocketChannelImpl.java:223)
	at sun.nio.ch.ServerSocketAdaptor.bind(ServerSocketAdaptor.java:74)
	at org.apache.tomcat.util.net.NioEndpoint.bind(NioEndpoint.java:210)
	at org.apache.tomcat.util.net.AbstractEndpoint.init(AbstractEndpoint.java:1086)
	at org.apache.tomcat.util.net.AbstractJsseEndpoint.init(AbstractJsseEndpoint.java:268)
	at org.apache.coyote.AbstractProtocol.init(AbstractProtocol.java:581)
	at org.apache.catalina.connector.Connector.initInternal(Connector.java:993)
	... 13 more

14-Dec-2019 17:45:54.938 信息 [main] org.apache.catalina.startup.Catalina.load Initialization processed in 482 ms
14-Dec-2019 17:45:54.960 信息 [main] org.apache.catalina.core.StandardService.startInternal Starting service [Catalina]
14-Dec-2019 17:45:54.960 信息 [main] org.apache.catalina.core.StandardEngine.startInternal Starting Servlet Engine: Apache Tomcat/8.5.31
14-Dec-2019 17:45:54.967 信息 [localhost-startStop-1] org.apache.catalina.startup.HostConfig.deployDirectory Deploying web application directory [/Users/lvgaoqiang/Desktop/workspace/ys/JAVA日志/day02/资料/tomcat-logback/apache-tomcat-8.5.31/webapps/docs]
14-Dec-2019 17:45:55.258 信息 [localhost-startStop-1] org.apache.catalina.startup.HostConfig.deployDirectory Deployment of web application directory [/Users/lvgaoqiang/Desktop/workspace/ys/JAVA日志/day02/资料/tomcat-logback/apache-tomcat-8.5.31/webapps/docs] has finished in [291] ms
14-Dec-2019 17:45:55.259 信息 [localhost-startStop-1] org.apache.catalina.startup.HostConfig.deployDirectory Deploying web application directory [/Users/lvgaoqiang/Desktop/workspace/ys/JAVA日志/day02/资料/tomcat-logback/apache-tomcat-8.5.31/webapps/manager]
14-Dec-2019 17:45:55.294 信息 [localhost-startStop-1] org.apache.catalina.startup.HostConfig.deployDirectory Deployment of web application directory [/Users/lvgaoqiang/Desktop/workspace/ys/JAVA日志/day02/资料/tomcat-logback/apache-tomcat-8.5.31/webapps/manager] has finished in [34] ms
14-Dec-2019 17:45:55.294 信息 [localhost-startStop-1] org.apache.catalina.startup.HostConfig.deployDirectory Deploying web application directory [/Users/lvgaoqiang/Desktop/workspace/ys/JAVA日志/day02/资料/tomcat-logback/apache-tomcat-8.5.31/webapps/examples]
14-Dec-2019 17:45:55.554 信息 [localhost-startStop-1] org.apache.catalina.startup.HostConfig.deployDirectory Deployment of web application directory [/Users/lvgaoqiang/Desktop/workspace/ys/JAVA日志/day02/资料/tomcat-logback/apache-tomcat-8.5.31/webapps/examples] has finished in [259] ms
14-Dec-2019 17:45:55.554 信息 [localhost-startStop-1] org.apache.catalina.startup.HostConfig.deployDirectory Deploying web application directory [/Users/lvgaoqiang/Desktop/workspace/ys/JAVA日志/day02/资料/tomcat-logback/apache-tomcat-8.5.31/webapps/ROOT]
14-Dec-2019 17:45:55.569 信息 [localhost-startStop-1] org.apache.catalina.startup.HostConfig.deployDirectory Deployment of web application directory [/Users/lvgaoqiang/Desktop/workspace/ys/JAVA日志/day02/资料/tomcat-logback/apache-tomcat-8.5.31/webapps/ROOT] has finished in [15] ms
14-Dec-2019 17:45:55.569 信息 [localhost-startStop-1] org.apache.catalina.startup.HostConfig.deployDirectory Deploying web application directory [/Users/lvgaoqiang/Desktop/workspace/ys/JAVA日志/day02/资料/tomcat-logback/apache-tomcat-8.5.31/webapps/host-manager]
14-Dec-2019 17:45:55.584 信息 [localhost-startStop-1] org.apache.catalina.startup.HostConfig.deployDirectory Deployment of web application directory [/Users/lvgaoqiang/Desktop/workspace/ys/JAVA日志/day02/资料/tomcat-logback/apache-tomcat-8.5.31/webapps/host-manager] has finished in [15] ms
14-Dec-2019 17:45:55.587 信息 [main] org.apache.catalina.startup.Catalina.start Server startup in 648 ms
14-Dec-2019 17:45:55.592 严重 [main] org.apache.catalina.core.StandardServer.await StandardServer.await: create[localhost:8005]: 
 java.net.BindException: Address already in use (Bind failed)
	at java.net.PlainSocketImpl.socketBind(Native Method)
	at java.net.AbstractPlainSocketImpl.bind(AbstractPlainSocketImpl.java:387)
	at java.net.ServerSocket.bind(ServerSocket.java:375)
	at java.net.ServerSocket.<init>(ServerSocket.java:237)
	at org.apache.catalina.core.StandardServer.await(StandardServer.java:440)
	at org.apache.catalina.startup.Catalina.await(Catalina.java:769)
	at org.apache.catalina.startup.Catalina.start(Catalina.java:715)
	at sun.reflect.NativeMethodAccessorImpl.invoke0(Native Method)
	at sun.reflect.NativeMethodAccessorImpl.invoke(NativeMethodAccessorImpl.java:62)
	at sun.reflect.DelegatingMethodAccessorImpl.invoke(DelegatingMethodAccessorImpl.java:43)
	at java.lang.reflect.Method.invoke(Method.java:498)
	at org.apache.catalina.startup.Bootstrap.start(Bootstrap.java:353)
	at org.apache.catalina.startup.Bootstrap.main(Bootstrap.java:493)

14-Dec-2019 17:45:55.593 信息 [main] org.apache.coyote.AbstractProtocol.pause Pausing ProtocolHandler ["http-nio-8080"]
14-Dec-2019 17:45:55.593 信息 [main] org.apache.coyote.AbstractProtocol.pause Pausing ProtocolHandler ["ajp-nio-8009"]
14-Dec-2019 17:45:55.593 信息 [main] org.apache.catalina.core.StandardService.stopInternal Stopping service [Catalina]
14-Dec-2019 17:45:55.611 信息 [main] org.apache.coyote.AbstractProtocol.stop Stopping ProtocolHandler ["http-nio-8080"]
14-Dec-2019 17:45:55.611 信息 [main] org.apache.coyote.AbstractProtocol.destroy Destroying ProtocolHandler ["http-nio-8080"]
14-Dec-2019 17:45:55.611 信息 [main] org.apache.coyote.AbstractProtocol.stop Stopping ProtocolHandler ["ajp-nio-8009"]
14-Dec-2019 17:45:55.611 信息 [main] org.apache.coyote.AbstractProtocol.destroy Destroying ProtocolHandler ["ajp-nio-8009"]
14-Dec-2019 17:47:17.198 信息 [main] org.apache.catalina.core.StandardServer.await A valid shutdown command was received via the shutdown port. Stopping the Server instance.
14-Dec-2019 17:47:17.199 信息 [main] org.apache.coyote.AbstractProtocol.pause Pausing ProtocolHandler ["http-nio-8080"]
14-Dec-2019 17:47:17.256 信息 [main] org.apache.coyote.AbstractProtocol.pause Pausing ProtocolHandler ["ajp-nio-8009"]
14-Dec-2019 17:47:17.311 信息 [main] org.apache.catalina.core.StandardService.stopInternal Stopping service [Catalina]
14-Dec-2019 17:47:17.333 信息 [main] org.apache.coyote.AbstractProtocol.stop Stopping ProtocolHandler ["http-nio-8080"]
14-Dec-2019 17:47:17.336 信息 [main] org.apache.coyote.AbstractProtocol.stop Stopping ProtocolHandler ["ajp-nio-8009"]
14-Dec-2019 17:47:17.338 信息 [main] org.apache.coyote.AbstractProtocol.destroy Destroying ProtocolHandler ["http-nio-8080"]
14-Dec-2019 17:47:17.338 信息 [main] org.apache.coyote.AbstractProtocol.destroy Destroying ProtocolHandler ["ajp-nio-8009"]
14-Dec-2019 17:51:07.863 信息 [main] org.apache.catalina.startup.VersionLoggerListener.log Server version:        Apache Tomcat/8.5.31
14-Dec-2019 17:51:07.865 信息 [main] org.apache.catalina.startup.VersionLoggerListener.log Server built:          Apr 27 2018 20:24:25 UTC
14-Dec-2019 17:51:07.865 信息 [main] org.apache.catalina.startup.VersionLoggerListener.log Server number:         8.5.31.0
14-Dec-2019 17:51:07.865 信息 [main] org.apache.catalina.startup.VersionLoggerListener.log OS Name:               Mac OS X
14-Dec-2019 17:51:07.866 信息 [main] org.apache.catalina.startup.VersionLoggerListener.log OS Version:            10.13.6
14-Dec-2019 17:51:07.866 信息 [main] org.apache.catalina.startup.VersionLoggerListener.log Architecture:          x86_64
14-Dec-2019 17:51:07.866 信息 [main] org.apache.catalina.startup.VersionLoggerListener.log Java Home:             /Library/Java/JavaVirtualMachines/jdk1.8.0_221.jdk/Contents/Home/jre
14-Dec-2019 17:51:07.866 信息 [main] org.apache.catalina.startup.VersionLoggerListener.log JVM Version:           1.8.0_221-b11
14-Dec-2019 17:51:07.866 信息 [main] org.apache.catalina.startup.VersionLoggerListener.log JVM Vendor:            Oracle Corporation
14-Dec-2019 17:51:07.867 信息 [main] org.apache.catalina.startup.VersionLoggerListener.log CATALINA_BASE:         /Users/lvgaoqiang/Desktop/workspace/ys/JAVA日志/day02/资料/tomcat-logback/apache-tomcat-8.5.31
14-Dec-2019 17:51:07.867 信息 [main] org.apache.catalina.startup.VersionLoggerListener.log CATALINA_HOME:         /Users/lvgaoqiang/Desktop/workspace/ys/JAVA日志/day02/资料/tomcat-logback/apache-tomcat-8.5.31
14-Dec-2019 17:51:07.868 信息 [main] org.apache.catalina.startup.VersionLoggerListener.log Command line argument: -Djava.util.logging.config.file=/Users/lvgaoqiang/Desktop/workspace/ys/JAVA日志/day02/资料/tomcat-logback/apache-tomcat-8.5.31/conf/logging.properties
14-Dec-2019 17:51:07.868 信息 [main] org.apache.catalina.startup.VersionLoggerListener.log Command line argument: -Djava.util.logging.manager=org.apache.juli.ClassLoaderLogManager
14-Dec-2019 17:51:07.868 信息 [main] org.apache.catalina.startup.VersionLoggerListener.log Command line argument: -Djdk.tls.ephemeralDHKeySize=2048
14-Dec-2019 17:51:07.868 信息 [main] org.apache.catalina.startup.VersionLoggerListener.log Command line argument: -Djava.protocol.handler.pkgs=org.apache.catalina.webresources
14-Dec-2019 17:51:07.868 信息 [main] org.apache.catalina.startup.VersionLoggerListener.log Command line argument: -Dorg.apache.catalina.security.SecurityListener.UMASK=0027
14-Dec-2019 17:51:07.868 信息 [main] org.apache.catalina.startup.VersionLoggerListener.log Command line argument: -Dignore.endorsed.dirs=
14-Dec-2019 17:51:07.868 信息 [main] org.apache.catalina.startup.VersionLoggerListener.log Command line argument: -Dcatalina.base=/Users/lvgaoqiang/Desktop/workspace/ys/JAVA日志/day02/资料/tomcat-logback/apache-tomcat-8.5.31
14-Dec-2019 17:51:07.868 信息 [main] org.apache.catalina.startup.VersionLoggerListener.log Command line argument: -Dcatalina.home=/Users/lvgaoqiang/Desktop/workspace/ys/JAVA日志/day02/资料/tomcat-logback/apache-tomcat-8.5.31
14-Dec-2019 17:51:07.869 信息 [main] org.apache.catalina.startup.VersionLoggerListener.log Command line argument: -Djava.io.tmpdir=/Users/lvgaoqiang/Desktop/workspace/ys/JAVA日志/day02/资料/tomcat-logback/apache-tomcat-8.5.31/temp
14-Dec-2019 17:51:07.869 信息 [main] org.apache.catalina.core.AprLifecycleListener.lifecycleEvent The APR based Apache Tomcat Native library which allows optimal performance in production environments was not found on the java.library.path: [/Users/lvgaoqiang/Library/Java/Extensions:/Library/Java/Extensions:/Network/Library/Java/Extensions:/System/Library/Java/Extensions:/usr/lib/java:.]
14-Dec-2019 17:51:07.988 信息 [main] org.apache.coyote.AbstractProtocol.init Initializing ProtocolHandler ["http-nio-8080"]
14-Dec-2019 17:51:08.011 信息 [main] org.apache.tomcat.util.net.NioSelectorPool.getSharedSelector Using a shared selector for servlet write/read
14-Dec-2019 17:51:08.019 信息 [main] org.apache.coyote.AbstractProtocol.init Initializing ProtocolHandler ["ajp-nio-8009"]
14-Dec-2019 17:51:08.021 信息 [main] org.apache.tomcat.util.net.NioSelectorPool.getSharedSelector Using a shared selector for servlet write/read
14-Dec-2019 17:51:08.021 信息 [main] org.apache.catalina.startup.Catalina.load Initialization processed in 503 ms
14-Dec-2019 17:51:08.045 信息 [main] org.apache.catalina.core.StandardService.startInternal Starting service [Catalina]
14-Dec-2019 17:51:08.046 信息 [main] org.apache.catalina.core.StandardEngine.startInternal Starting Servlet Engine: Apache Tomcat/8.5.31
17:51:08,065 |-INFO in ch.qos.logback.access.tomcat.LogbackValve[null] - filename property not set. Assuming [conf/logback-access.xml]
17:51:08,067 |-INFO in ch.qos.logback.access.tomcat.LogbackValve[null] - Found configuration file [/Users/lvgaoqiang/Desktop/workspace/ys/JAVA日志/day02/资料/tomcat-logback/apache-tomcat-8.5.31/conf/logback-access.xml] using property "catalina.base"
17:51:08,105 |-INFO in ch.qos.logback.access.joran.action.ConfigurationAction - debug attribute not set
17:51:08,291 |-INFO in ch.qos.logback.core.joran.action.StatusListenerAction - Added status listener of type [ch.qos.logback.core.status.OnConsoleStatusListener]
17:51:08,305 |-INFO in ch.qos.logback.core.joran.action.AppenderAction - About to instantiate appender of type [ch.qos.logback.core.rolling.RollingFileAppender]
17:51:08,309 |-INFO in ch.qos.logback.core.joran.action.AppenderAction - Naming appender as [FILE]
17:51:08,333 |-INFO in c.q.l.core.rolling.TimeBasedRollingPolicy@220307314 - Will use zip compression
17:51:08,335 |-INFO in c.q.l.core.rolling.TimeBasedRollingPolicy@220307314 - Will use the pattern access.%d{yyyy-MM-dd}.log for the active file
17:51:08,339 |-INFO in c.q.l.core.rolling.DefaultTimeBasedFileNamingAndTriggeringPolicy - The date pattern is 'yyyy-MM-dd' from file name pattern 'access.%d{yyyy-MM-dd}.log.zip'.
17:51:08,339 |-INFO in c.q.l.core.rolling.DefaultTimeBasedFileNamingAndTriggeringPolicy - Roll-over at midnight.
17:51:08,342 |-INFO in c.q.l.core.rolling.DefaultTimeBasedFileNamingAndTriggeringPolicy - Setting initial period to Sat Dec 14 17:51:08 CST 2019
17:51:08,343 |-INFO in ch.qos.logback.core.joran.action.NestedComplexPropertyIA - Assuming default type [ch.qos.logback.access.PatternLayoutEncoder] for [encoder] property
17:51:08,358 |-INFO in ch.qos.logback.core.rolling.RollingFileAppender[FILE] - Active log file name: /Users/lvgaoqiang/Desktop/workspace/ys/JAVA日志/day02/资料/tomcat-logback/apache-tomcat-8.5.31/logs/access.log
17:51:08,358 |-INFO in ch.qos.logback.core.rolling.RollingFileAppender[FILE] - File property is set to [/Users/lvgaoqiang/Desktop/workspace/ys/JAVA日志/day02/资料/tomcat-logback/apache-tomcat-8.5.31/logs/access.log]
17:51:08,359 |-INFO in ch.qos.logback.core.joran.action.AppenderRefAction - Attaching appender named [FILE] to ch.qos.logback.access.tomcat.LogbackValve[null]
17:51:08,360 |-INFO in ch.qos.logback.access.joran.action.ConfigurationAction - End of configuration.
17:51:08,360 |-INFO in ch.qos.logback.access.joran.JoranConfigurator@54e03fdb - Registering current configuration as safe fallback point
17:51:08,360 |-INFO in ch.qos.logback.access.tomcat.LogbackValve[null] - Done configuring
14-Dec-2019 17:51:08.362 信息 [localhost-startStop-1] org.apache.catalina.startup.HostConfig.deployDirectory Deploying web application directory [/Users/lvgaoqiang/Desktop/workspace/ys/JAVA日志/day02/资料/tomcat-logback/apache-tomcat-8.5.31/webapps/docs]
14-Dec-2019 17:51:08.824 信息 [localhost-startStop-1] org.apache.jasper.servlet.TldScanner.scanJars At least one JAR was scanned for TLDs yet contained no TLDs. Enable debug logging for this logger for a complete list of JARs that were scanned but no TLDs were found in them. Skipping unneeded JARs during scanning can improve startup time and JSP compilation time.
14-Dec-2019 17:51:08.864 信息 [localhost-startStop-1] org.apache.catalina.startup.HostConfig.deployDirectory Deployment of web application directory [/Users/lvgaoqiang/Desktop/workspace/ys/JAVA日志/day02/资料/tomcat-logback/apache-tomcat-8.5.31/webapps/docs] has finished in [502] ms
14-Dec-2019 17:51:08.865 信息 [localhost-startStop-1] org.apache.catalina.startup.HostConfig.deployDirectory Deploying web application directory [/Users/lvgaoqiang/Desktop/workspace/ys/JAVA日志/day02/资料/tomcat-logback/apache-tomcat-8.5.31/webapps/manager]
14-Dec-2019 17:51:09.017 信息 [localhost-startStop-1] org.apache.jasper.servlet.TldScanner.scanJars At least one JAR was scanned for TLDs yet contained no TLDs. Enable debug logging for this logger for a complete list of JARs that were scanned but no TLDs were found in them. Skipping unneeded JARs during scanning can improve startup time and JSP compilation time.
14-Dec-2019 17:51:09.022 信息 [localhost-startStop-1] org.apache.catalina.startup.HostConfig.deployDirectory Deployment of web application directory [/Users/lvgaoqiang/Desktop/workspace/ys/JAVA日志/day02/资料/tomcat-logback/apache-tomcat-8.5.31/webapps/manager] has finished in [157] ms
14-Dec-2019 17:51:09.022 信息 [localhost-startStop-1] org.apache.catalina.startup.HostConfig.deployDirectory Deploying web application directory [/Users/lvgaoqiang/Desktop/workspace/ys/JAVA日志/day02/资料/tomcat-logback/apache-tomcat-8.5.31/webapps/examples]
14-Dec-2019 17:51:09.389 信息 [localhost-startStop-1] org.apache.jasper.servlet.TldScanner.scanJars At least one JAR was scanned for TLDs yet contained no TLDs. Enable debug logging for this logger for a complete list of JARs that were scanned but no TLDs were found in them. Skipping unneeded JARs during scanning can improve startup time and JSP compilation time.
14-Dec-2019 17:51:09.412 信息 [localhost-startStop-1] org.apache.catalina.startup.HostConfig.deployDirectory Deployment of web application directory [/Users/lvgaoqiang/Desktop/workspace/ys/JAVA日志/day02/资料/tomcat-logback/apache-tomcat-8.5.31/webapps/examples] has finished in [390] ms
14-Dec-2019 17:51:09.412 信息 [localhost-startStop-1] org.apache.catalina.startup.HostConfig.deployDirectory Deploying web application directory [/Users/lvgaoqiang/Desktop/workspace/ys/JAVA日志/day02/资料/tomcat-logback/apache-tomcat-8.5.31/webapps/ROOT]
14-Dec-2019 17:51:09.564 信息 [localhost-startStop-1] org.apache.jasper.servlet.TldScanner.scanJars At least one JAR was scanned for TLDs yet contained no TLDs. Enable debug logging for this logger for a complete list of JARs that were scanned but no TLDs were found in them. Skipping unneeded JARs during scanning can improve startup time and JSP compilation time.
14-Dec-2019 17:51:09.565 信息 [localhost-startStop-1] org.apache.catalina.startup.HostConfig.deployDirectory Deployment of web application directory [/Users/lvgaoqiang/Desktop/workspace/ys/JAVA日志/day02/资料/tomcat-logback/apache-tomcat-8.5.31/webapps/ROOT] has finished in [153] ms
14-Dec-2019 17:51:09.566 信息 [localhost-startStop-1] org.apache.catalina.startup.HostConfig.deployDirectory Deploying web application directory [/Users/lvgaoqiang/Desktop/workspace/ys/JAVA日志/day02/资料/tomcat-logback/apache-tomcat-8.5.31/webapps/host-manager]
14-Dec-2019 17:51:09.680 信息 [localhost-startStop-1] org.apache.jasper.servlet.TldScanner.scanJars At least one JAR was scanned for TLDs yet contained no TLDs. Enable debug logging for this logger for a complete list of JARs that were scanned but no TLDs were found in them. Skipping unneeded JARs during scanning can improve startup time and JSP compilation time.
14-Dec-2019 17:51:09.681 信息 [localhost-startStop-1] org.apache.catalina.startup.HostConfig.deployDirectory Deployment of web application directory [/Users/lvgaoqiang/Desktop/workspace/ys/JAVA日志/day02/资料/tomcat-logback/apache-tomcat-8.5.31/webapps/host-manager] has finished in [115] ms
14-Dec-2019 17:51:09.685 信息 [main] org.apache.coyote.AbstractProtocol.start Starting ProtocolHandler ["http-nio-8080"]
14-Dec-2019 17:51:09.691 信息 [main] org.apache.coyote.AbstractProtocol.start Starting ProtocolHandler ["ajp-nio-8009"]
14-Dec-2019 17:51:09.692 信息 [main] org.apache.catalina.startup.Catalina.start Server startup in 1670 ms
11:20:03,391 |-INFO in c.q.l.core.rolling.DefaultTimeBasedFileNamingAndTriggeringPolicy - Elapsed period: Sat Dec 14 17:51:08 CST 2019
11:20:03,403 |-INFO in c.q.l.co.rolling.helper.RenameUtil - Renaming file [/Users/lvgaoqiang/Desktop/workspace/ys/JAVA日志/day02/资料/tomcat-logback/apache-tomcat-8.5.31/logs/access.log] to [/Users/lvgaoqiang/Desktop/workspace/ys/JAVA日志/day02/资料/tomcat-logback/apache-tomcat-8.5.31/logs/access.log175921609535532.tmp]
11:20:03,405 |-INFO in ch.qos.logback.core.rolling.helper.Compressor - ZIP compressing [/Users/lvgaoqiang/Desktop/workspace/ys/JAVA日志/day02/资料/tomcat-logback/apache-tomcat-8.5.31/logs/access.log175921609535532.tmp] as [access.2019-12-14.log.zip]
